<?xml version="1.0" encoding="UTF-8"?>
<!-- Generated by org.testng.reporters.JUnitReportReporter -->
<testsuite hostname="DESKTOP-QC4ES4V" failures="0" tests="1" name="testCase.Tc1" time="11.275" errors="0" timestamp="2022-06-17T09:57:54 IST" skipped="0">
  <testcase classname="testCase.Tc1" name="tc1" time="11.275"/>
  <system-out/>
</testsuite> <!-- testCase.Tc1 -->
